<?xml version="1.0" encoding="UTF-8"?>
<testsuite name="com.example.project.TestTriangleCollection" tests="3" skipped="0" failures="0" errors="0" timestamp="2025-01-06T17:10:15" hostname="codespaces-e92405" time="0.078">
  <properties/>
  <testcase name="testShiftTriangles()" classname="com.example.project.TestTriangleCollection" time="0.06"/>
  <testcase name="testTotalPerimeter()" classname="com.example.project.TestTriangleCollection" time="0.001"/>
  <testcase name="testTriangleCollection()" classname="com.example.project.TestTriangleCollection" time="0.007"/>
  <system-out><![CDATA[]]></system-out>
  <system-err><![CDATA[]]></system-err>
</testsuite>
