<?xml version="1.0" encoding="UTF-8"?>
<testsuite name="com.example.project.TestPoint" tests="3" skipped="0" failures="0" errors="0" timestamp="2025-01-07T22:41:43" hostname="codespaces-e92405" time="0.029">
  <properties/>
  <testcase name="testPointInfo()" classname="com.example.project.TestPoint" time="0.022"/>
  <testcase name="testDistanceTo()" classname="com.example.project.TestPoint" time="0.001"/>
  <testcase name="testConstructor()" classname="com.example.project.TestPoint" time="0.002"/>
  <system-out><![CDATA[]]></system-out>
  <system-err><![CDATA[]]></system-err>
</testsuite>
