<?xml version="1.0" encoding="UTF-8"?>
<testsuite name="com.example.project.TestPoint" tests="3" skipped="0" failures="0" errors="0" timestamp="2025-01-06T17:10:15" hostname="codespaces-e92405" time="0.046">
  <properties/>
  <testcase name="testPointInfo()" classname="com.example.project.TestPoint" time="0.03"/>
  <testcase name="testDistanceTo()" classname="com.example.project.TestPoint" time="0.011"/>
  <testcase name="testConstructor()" classname="com.example.project.TestPoint" time="0.003"/>
  <system-out><![CDATA[]]></system-out>
  <system-err><![CDATA[]]></system-err>
</testsuite>
