<?xml version="1.0" encoding="UTF-8"?>
<testsuite name="com.example.project.TestTriangle" tests="3" skipped="0" failures="0" errors="0" timestamp="2025-01-06T17:10:15" hostname="codespaces-e92405" time="0.006">
  <properties/>
  <testcase name="testConstructorAndGetVertices()" classname="com.example.project.TestTriangle" time="0.002"/>
  <testcase name="testTriangleInfo()" classname="com.example.project.TestTriangle" time="0.0"/>
  <testcase name="testPerimeter()" classname="com.example.project.TestTriangle" time="0.0"/>
  <system-out><![CDATA[]]></system-out>
  <system-err><![CDATA[]]></system-err>
</testsuite>
